# JRE version: Java(TM) SE Runtime Environment (9.0+11) (build 9.0.4+11)
# Java VM: Java HotSpot(TM) 64-Bit Server VM (9.0.4+11, mixed mode, tiered, compressed oops, g1 gc, windows-amd64)
Heap:
 garbage-first heap   total 188416K, used 97904K [0x0000000700000000, 0x00000007001005c0, 0x00000007c0000000)
  region size 1024K, 31 young (31744K), 4 survivors (4096K)
 Metaspace       used 80066K, capacity 85830K, committed 86012K, reserved 1122304K
  class space    used 11234K, capacity 12255K, committed 12284K, reserved 1048576K
GC Heap History (10 events):
Event: 138.610 GC heap before
{Heap before GC invocations=54 (full 2):
 garbage-first heap   total 188416K, used 129089K [0x0000000700000000, 0x00000007001005c0, 0x00000007c0000000)
  region size 1024K, 60 young (61440K), 4 survivors (4096K)
 Metaspace       used 79731K, capacity 85536K, committed 85756K, reserved 1122304K
  class space    used 11215K, capacity 12222K, committed 12284K, reserved 1048576K
}
Event: 138.615 GC heap after
{Heap after GC invocations=55 (full 2):
 garbage-first heap   total 188416K, used 71288K [0x0000000700000000, 0x00000007001005c0, 0x00000007c0000000)
  region size 1024K, 4 young (4096K), 4 survivors (4096K)
 Metaspace       used 79731K, capacity 85536K, committed 85756K, reserved 1122304K
  class space    used 11215K, capacity 12222K, committed 12284K, reserved 1048576K
}
Event: 143.358 GC heap before
{Heap before GC invocations=55 (full 2):
 garbage-first heap   total 188416K, used 128632K [0x0000000700000000, 0x00000007001005c0, 0x00000007c0000000)
  region size 1024K, 60 young (61440K), 4 survivors (4096K)
 Metaspace       used 79874K, capacity 85664K, committed 85756K, reserved 1122304K
  class space    used 11215K, capacity 12222K, committed 12284K, reserved 1048576K
}
Event: 143.364 GC heap after
{Heap after GC invocations=56 (full 2):
 garbage-first heap   total 188416K, used 71288K [0x0000000700000000, 0x00000007001005c0, 0x00000007c0000000)
  region size 1024K, 4 young (4096K), 4 survivors (4096K)
 Metaspace       used 79874K, capacity 85664K, committed 85756K, reserved 1122304K
  class space    used 11215K, capacity 12222K, committed 12284K, reserved 1048576K
}
Event: 148.555 GC heap before
{Heap before GC invocations=56 (full 2):
 garbage-first heap   total 188416K, used 128632K [0x0000000700000000, 0x00000007001005c0, 0x00000007c0000000)
  region size 1024K, 60 young (61440K), 4 survivors (4096K)
 Metaspace       used 79890K, capacity 85664K, committed 85756K, reserved 1122304K
  class space    used 11215K, capacity 12222K, committed 12284K, reserved 1048576K
}
Event: 148.562 GC heap after
{Heap after GC invocations=57 (full 2):
 garbage-first heap   total 188416K, used 71246K [0x0000000700000000, 0x00000007001005c0, 0x00000007c0000000)
  region size 1024K, 4 young (4096K), 4 survivors (4096K)
 Metaspace       used 79890K, capacity 85664K, committed 85756K, reserved 1122304K
  class space    used 11215K, capacity 12222K, committed 12284K, reserved 1048576K
}
Event: 148.891 GC heap before
{Heap before GC invocations=57 (full 2):
 garbage-first heap   total 188416K, used 128590K [0x0000000700000000, 0x00000007001005c0, 0x00000007c0000000)
  region size 1024K, 60 young (61440K), 4 survivors (4096K)
 Metaspace       used 79891K, capacity 85664K, committed 85756K, reserved 1122304K
  class space    used 11215K, capacity 12222K, committed 12284K, reserved 1048576K
}
Event: 148.897 GC heap after
{Heap after GC invocations=58 (full 2):
 garbage-first heap   total 188416K, used 71252K [0x0000000700000000, 0x00000007001005c0, 0x00000007c0000000)
  region size 1024K, 4 young (4096K), 4 survivors (4096K)
 Metaspace       used 79891K, capacity 85664K, committed 85756K, reserved 1122304K
  class space    used 11215K, capacity 12222K, committed 12284K, reserved 1048576K
}
Event: 149.203 GC heap before
{Heap before GC invocations=58 (full 2):
 garbage-first heap   total 188416K, used 128596K [0x0000000700000000, 0x00000007001005c0, 0x00000007c0000000)
  region size 1024K, 60 young (61440K), 4 survivors (4096K)
 Metaspace       used 79892K, capacity 85664K, committed 85756K, reserved 1122304K
  class space    used 11215K, capacity 12222K, committed 12284K, reserved 1048576K
}
Event: 149.209 GC heap after
{Heap after GC invocations=59 (full 2):
 garbage-first heap   total 188416K, used 71280K [0x0000000700000000, 0x00000007001005c0, 0x00000007c0000000)
  region size 1024K, 4 young (4096K), 4 survivors (4096K)
 Metaspace       used 79892K, capacity 85664K, committed 85756K, reserved 1122304K
  class space    used 11215K, capacity 12222K, committed 12284K, reserved 1048576K
}

